<?xml version="1.0" encoding="UTF-8"?>
<!-- Generated by org.testng.reporters.JUnitReportReporter -->
<testsuite hostname="LAPTOP-HO82ILSL" failures="0" tests="2" name="project1.NewTest" time="19.081" errors="0" timestamp="2022-12-08T10:06:23 IST" skipped="0">
  <testcase classname="project1.NewTest" name="login" time="5.233"/>
  <system-out/>
  <testcase classname="project1.NewTest" name="Admin" time="13.848"/>
  <system-out/>
</testsuite> <!-- project1.NewTest -->
