<?xml version="1.0" encoding="UTF-8"?>
<!-- Generated by org.testng.reporters.JUnitReportReporter -->
<testsuite hostname="LAPTOP-HO82ILSL" failures="0" tests="1" name="data.DataDriven" time="70.454" errors="0" timestamp="2022-12-20T14:43:00 IST" skipped="0">
  <testcase classname="data.DataDriven" name="datadriven" time="70.454"/>
  <system-out/>
</testsuite> <!-- data.DataDriven -->
